0 info it worked if it ends with ok
1 verbose cli [ '/usr/bin/node', '/usr/bin/npm', 'install', '-g', 'yarn' ]
2 info using npm@2.15.11
3 info using node@v4.8.6
4 verbose install initial load of /usr/lib/package.json
5 verbose readDependencies loading dependencies from /usr/lib/package.json
6 silly cache add args [ 'yarn', null ]
7 verbose cache add spec yarn
8 silly cache add parsed spec Result {
8 silly cache add   raw: 'yarn',
8 silly cache add   scope: null,
8 silly cache add   name: 'yarn',
8 silly cache add   rawSpec: '',
8 silly cache add   spec: 'latest',
8 silly cache add   type: 'tag' }
9 silly addNamed yarn@latest
10 verbose addNamed "latest" is being treated as a dist-tag for yarn
11 info addNameTag [ 'yarn', 'latest' ]
12 silly mapToRegistry name yarn
13 silly mapToRegistry using default registry
14 silly mapToRegistry registry https://registry.npmjs.org/
15 silly mapToRegistry data Result {
15 silly mapToRegistry   raw: 'yarn',
15 silly mapToRegistry   scope: null,
15 silly mapToRegistry   name: 'yarn',
15 silly mapToRegistry   rawSpec: '',
15 silly mapToRegistry   spec: 'latest',
15 silly mapToRegistry   type: 'tag' }
16 silly mapToRegistry uri https://registry.npmjs.org/yarn
17 verbose addNameTag registry:https://registry.npmjs.org/yarn not in flight; fetching
18 verbose request uri https://registry.npmjs.org/yarn
19 verbose request no auth needed
20 info attempt registry request try #1 at 5:11:52 PM
21 verbose request id 85626bd3bdc14cfa
22 http request GET https://registry.npmjs.org/yarn
23 http 200 https://registry.npmjs.org/yarn
24 verbose headers { 'content-type': 'application/json; charset=UTF-8',
24 verbose headers   server: 'UploadServer',
24 verbose headers   'cache-control': 'max-age=300',
24 verbose headers   'last-modified': 'Sat, 16 Dec 2017 23:44:52 GMT',
24 verbose headers   etag: '"5a35aff4-3399a"',
24 verbose headers   'content-encoding': 'gzip',
24 verbose headers   'content-length': '12405',
24 verbose headers   'accept-ranges': 'bytes',
24 verbose headers   date: 'Thu, 21 Dec 2017 09:12:10 GMT',
24 verbose headers   via: '1.1 varnish',
24 verbose headers   age: '8987',
24 verbose headers   connection: 'keep-alive',
24 verbose headers   'x-served-by': 'cache-hkg17930-HKG',
24 verbose headers   'x-cache': 'HIT',
24 verbose headers   'x-cache-hits': '2',
24 verbose headers   'x-timer': 'S1513847530.320897,VS0,VE0',
24 verbose headers   vary: 'Accept-Encoding, Accept' }
25 silly get cb [ 200,
25 silly get   { 'content-type': 'application/json; charset=UTF-8',
25 silly get     server: 'UploadServer',
25 silly get     'cache-control': 'max-age=300',
25 silly get     'last-modified': 'Sat, 16 Dec 2017 23:44:52 GMT',
25 silly get     etag: '"5a35aff4-3399a"',
25 silly get     'content-encoding': 'gzip',
25 silly get     'content-length': '12405',
25 silly get     'accept-ranges': 'bytes',
25 silly get     date: 'Thu, 21 Dec 2017 09:12:10 GMT',
25 silly get     via: '1.1 varnish',
25 silly get     age: '8987',
25 silly get     connection: 'keep-alive',
25 silly get     'x-served-by': 'cache-hkg17930-HKG',
25 silly get     'x-cache': 'HIT',
25 silly get     'x-cache-hits': '2',
25 silly get     'x-timer': 'S1513847530.320897,VS0,VE0',
25 silly get     vary: 'Accept-Encoding, Accept' } ]
26 verbose get saving yarn to /home/senpai/.npm/registry.npmjs.org/yarn/.cache.json
27 verbose correctMkdir /home/senpai/.npm correctMkdir not in flight; initializing
28 verbose makeDirectory /home/senpai/.npm creation not in flight; initializing
29 silly makeDirectory /home/senpai/.npm uid: 1000 gid: 1000
30 silly addNameTag next cb for yarn with tag latest
31 silly addNamed yarn@1.3.2
32 verbose addNamed "1.3.2" is a plain semver version for yarn
33 warn deprecated yarn@1.3.2: It is recommended to install Yarn using the native installation method for your environment. See https://yarnpkg.com/en/docs/install
34 silly mapToRegistry name yarn
35 silly mapToRegistry using default registry
36 silly mapToRegistry registry https://registry.npmjs.org/
37 silly mapToRegistry data Result {
37 silly mapToRegistry   raw: 'yarn',
37 silly mapToRegistry   scope: null,
37 silly mapToRegistry   name: 'yarn',
37 silly mapToRegistry   rawSpec: '',
37 silly mapToRegistry   spec: 'latest',
37 silly mapToRegistry   type: 'tag' }
38 silly mapToRegistry uri https://registry.npmjs.org/yarn
39 verbose addRemoteTarball https://registry.npmjs.org/yarn/-/yarn-1.3.2.tgz not in flight; adding
40 verbose addRemoteTarball [ 'https://registry.npmjs.org/yarn/-/yarn-1.3.2.tgz',
40 verbose addRemoteTarball   '5939762581b5b4ddcd3418c0f6be42df3aee195f' ]
41 info retry fetch attempt 1 at 5:12:07 PM
42 info attempt registry request try #1 at 5:12:07 PM
43 http fetch GET https://registry.npmjs.org/yarn/-/yarn-1.3.2.tgz
44 http fetch 200 https://registry.npmjs.org/yarn/-/yarn-1.3.2.tgz
45 silly fetchAndShaCheck shasum 5939762581b5b4ddcd3418c0f6be42df3aee195f
46 verbose addTmpTarball /tmp/npm-226-d5a59d0d/registry.npmjs.org/yarn/-/yarn-1.3.2.tgz not in flight; adding
47 verbose addTmpTarball already have metadata; skipping unpack for yarn@1.3.2
48 verbose correctMkdir /home/senpai/.npm correctMkdir not in flight; initializing
49 silly cache afterAdd yarn@1.3.2
50 verbose afterAdd /home/senpai/.npm/yarn/1.3.2/package/package.json not in flight; writing
51 verbose correctMkdir /home/senpai/.npm correctMkdir not in flight; initializing
52 verbose afterAdd /home/senpai/.npm/yarn/1.3.2/package/package.json written
53 silly install resolved [ { name: 'yarn',
53 silly install resolved     installationMethod: 'tar',
53 silly install resolved     version: '1.3.2',
53 silly install resolved     license: 'BSD-2-Clause',
53 silly install resolved     preferGlobal: true,
53 silly install resolved     description: 'ðŸ“¦ðŸˆ Fast, reliable, and secure dependency management.',
53 silly install resolved     engines: { node: '>=4.0.0' },
53 silly install resolved     repository: { type: 'git', url: 'git+https://github.com/yarnpkg/yarn.git' },
53 silly install resolved     bin: { yarn: './bin/yarn.js', yarnpkg: './bin/yarn.js' },
53 silly install resolved     config: { commitizen: [Object] },
53 silly install resolved     bugs: { url: 'https://github.com/yarnpkg/yarn/issues' },
53 silly install resolved     homepage: 'https://github.com/yarnpkg/yarn#readme',
53 silly install resolved     _id: 'yarn@1.3.2',
53 silly install resolved     _shasum: '5939762581b5b4ddcd3418c0f6be42df3aee195f',
53 silly install resolved     _resolved: 'https://registry.npmjs.org/yarn/-/yarn-1.3.2.tgz',
53 silly install resolved     _from: 'yarn@latest',
53 silly install resolved     _npmVersion: '4.6.1',
53 silly install resolved     _nodeVersion: '8.6.0',
53 silly install resolved     _npmUser: { name: 'sebmck', email: 'sebmck@gmail.com' },
53 silly install resolved     dist:
53 silly install resolved      { shasum: '5939762581b5b4ddcd3418c0f6be42df3aee195f',
53 silly install resolved        tarball: 'https://registry.npmjs.org/yarn/-/yarn-1.3.2.tgz' },
53 silly install resolved     maintainers: [ [Object], [Object], [Object], [Object], [Object], [Object] ],
53 silly install resolved     _npmOperationalInternal:
53 silly install resolved      { host: 's3://npm-registry-packages',
53 silly install resolved        tmp: 'tmp/yarn-1.3.2.tgz_1509641396007_0.42532535269856453' },
53 silly install resolved     directories: {},
53 silly install resolved     deprecated: 'It is recommended to install Yarn using the native installation method for your environment. See https://yarnpkg.com/en/docs/install' } ]
54 info install yarn@1.3.2 into /usr/lib
55 info installOne yarn@1.3.2
56 verbose installOne of yarn to /usr/lib not in flight; installing
57 verbose correctMkdir /home/senpai/.npm/_locks correctMkdir not in flight; initializing
58 verbose makeDirectory /home/senpai/.npm/_locks creation not in flight; initializing
59 silly makeDirectory /home/senpai/.npm/_locks uid: 1000 gid: 1000
60 verbose lock using /home/senpai/.npm/_locks/yarn-2c7ecc5d16f3d756.lock for /usr/lib/node_modules/yarn
61 silly install write writing yarn 1.3.2 to /usr/lib/node_modules/yarn
62 verbose unbuild lib/node_modules/yarn
63 silly gentlyRm /usr/lib/node_modules/yarn is being purged from base /usr
64 verbose gentlyRm don't care about contents; nuking /usr/lib/node_modules/yarn
65 verbose tar unpack /home/senpai/.npm/yarn/1.3.2/package.tgz
66 verbose tar unpacking to /usr/lib/node_modules/yarn
67 silly gentlyRm /usr/lib/node_modules/yarn is being purged
68 verbose gentlyRm don't care about contents; nuking /usr/lib/node_modules/yarn
69 silly gunzTarPerm modes [ '777', '666' ]
70 error tar.unpack untar error /home/senpai/.npm/yarn/1.3.2/package.tgz
71 verbose unlock done using /home/senpai/.npm/_locks/yarn-2c7ecc5d16f3d756.lock for /usr/lib/node_modules/yarn
72 verbose fstream_path /usr/lib/node_modules/yarn
73 verbose fstream_type Directory
74 verbose fstream_class DirWriter
75 verbose stack Error: EACCES: permission denied, mkdir '/usr/lib/node_modules/yarn'
75 verbose stack     at Error (native)
76 verbose fstream_stack /usr/lib/node_modules/npm/node_modules/fstream/lib/dir-writer.js:35:25
76 verbose fstream_stack /usr/lib/node_modules/npm/node_modules/mkdirp/index.js:47:53
76 verbose fstream_stack FSReqWrap.oncomplete (fs.js:82:15)
77 verbose cwd /home/senpai/abc
78 error Linux 4.4.0-43-Microsoft
79 error argv "/usr/bin/node" "/usr/bin/npm" "install" "-g" "yarn"
80 error node v4.8.6
81 error npm  v2.15.11
82 error path /usr/lib/node_modules/yarn
83 error code EACCES
84 error errno -13
85 error syscall mkdir
86 error Error: EACCES: permission denied, mkdir '/usr/lib/node_modules/yarn'
86 error     at Error (native)
86 error  { [Error: EACCES: permission denied, mkdir '/usr/lib/node_modules/yarn']
86 error   errno: -13,
86 error   code: 'EACCES',
86 error   syscall: 'mkdir',
86 error   path: '/usr/lib/node_modules/yarn',
86 error   fstream_type: 'Directory',
86 error   fstream_path: '/usr/lib/node_modules/yarn',
86 error   fstream_class: 'DirWriter',
86 error   fstream_stack:
86 error    [ '/usr/lib/node_modules/npm/node_modules/fstream/lib/dir-writer.js:35:25',
86 error      '/usr/lib/node_modules/npm/node_modules/mkdirp/index.js:47:53',
86 error      'FSReqWrap.oncomplete (fs.js:82:15)' ] }
87 error Please try running this command again as root/Administrator.
88 verbose exit [ -13, true ]
89 verbose unbuild lib/node_modules/yarn
90 silly gentlyRm /usr/lib/node_modules/yarn is being purged from base /usr
91 verbose gentlyRm don't care about contents; nuking /usr/lib/node_modules/yarn
